CRITICAL - 2023-08-24 10:28:32 --> Class "Kint\Renderer\Renderer" not found
in APPPATH\Config\Kint.php on line 38.
 1 SYSTEMPATH\Common.php(216): CodeIgniter\Config\Factories::__callStatic('config', [])
 2 SYSTEMPATH\CodeIgniter.php(272): config('Config\\Kint')
 3 SYSTEMPATH\CodeIgniter.php(238): CodeIgniter\CodeIgniter->configureKint()
 4 SYSTEMPATH\CodeIgniter.php(200): CodeIgniter\CodeIgniter->initializeKint()
 5 ROOTPATH\spark(83): CodeIgniter\CodeIgniter->initialize()
CRITICAL - 2023-08-24 10:32:28 --> Class "Kint\Renderer\Renderer" not found
in APPPATH\Config\Kint.php on line 38.
 1 SYSTEMPATH\Common.php(216): CodeIgniter\Config\Factories::__callStatic('config', [])
 2 SYSTEMPATH\CodeIgniter.php(272): config('Config\\Kint')
 3 SYSTEMPATH\CodeIgniter.php(238): CodeIgniter\CodeIgniter->configureKint()
 4 SYSTEMPATH\CodeIgniter.php(200): CodeIgniter\CodeIgniter->initializeKint()
 5 ROOTPATH\spark(83): CodeIgniter\CodeIgniter->initialize()
ERROR - 2023-08-24 10:36:47 --> mysqli_sql_exception: Table 'appreservasihotel.tbl_kamar' doesn't exist in C:\Users\aryah\Downloads\CI\AppReservasiHotel\vendor\codeigniter4\framework\system\Database\MySQLi\Connection.php:295
Stack trace:
#0 C:\Users\aryah\Downloads\CI\AppReservasiHotel\vendor\codeigniter4\framework\system\Database\MySQLi\Connection.php(295): mysqli->query('SELECT DISTINCT...', 0)
#1 C:\Users\aryah\Downloads\CI\AppReservasiHotel\vendor\codeigniter4\framework\system\Database\BaseConnection.php(692): CodeIgniter\Database\MySQLi\Connection->execute('SELECT DISTINCT...')
#2 C:\Users\aryah\Downloads\CI\AppReservasiHotel\vendor\codeigniter4\framework\system\Database\BaseConnection.php(606): CodeIgniter\Database\BaseConnection->simpleQuery('SELECT DISTINCT...')
#3 C:\Users\aryah\Downloads\CI\AppReservasiHotel\vendor\codeigniter4\framework\system\Database\BaseBuilder.php(1616): CodeIgniter\Database\BaseConnection->query('SELECT DISTINCT...', Array, false)
#4 C:\Users\aryah\Downloads\CI\AppReservasiHotel\vendor\codeigniter4\framework\system\Model.php(203): CodeIgniter\Database\BaseBuilder->get()
#5 C:\Users\aryah\Downloads\CI\AppReservasiHotel\vendor\codeigniter4\framework\system\BaseModel.php(557): CodeIgniter\Model->doFind(false, NULL)
#6 C:\Users\aryah\Downloads\CI\AppReservasiHotel\app\Controllers\Home.php(10): CodeIgniter\BaseModel->find()
#7 C:\Users\aryah\Downloads\CI\AppReservasiHotel\vendor\codeigniter4\framework\system\CodeIgniter.php(932): App\Controllers\Home->index()
#8 C:\Users\aryah\Downloads\CI\AppReservasiHotel\vendor\codeigniter4\framework\system\CodeIgniter.php(497): CodeIgniter\CodeIgniter->runController(Object(App\Controllers\Home))
#9 C:\Users\aryah\Downloads\CI\AppReservasiHotel\vendor\codeigniter4\framework\system\CodeIgniter.php(366): CodeIgniter\CodeIgniter->handleRequest(NULL, Object(Config\Cache), false)
#10 C:\Users\aryah\Downloads\CI\AppReservasiHotel\public\index.php(67): CodeIgniter\CodeIgniter->run()
#11 C:\Users\aryah\Downloads\CI\AppReservasiHotel\vendor\codeigniter4\framework\system\Commands\Server\rewrite.php(47): require_once('C:\\Users\\aryah\\...')
#12 {main}
CRITICAL - 2023-08-24 10:36:47 --> Table 'appreservasihotel.tbl_kamar' doesn't exist
in SYSTEMPATH\Database\MySQLi\Connection.php on line 295.
 1 SYSTEMPATH\Database\MySQLi\Connection.php(295): mysqli->query('SELECT DISTINCT *
FROM `tbl_kamar`', 0)
 2 SYSTEMPATH\Database\BaseConnection.php(692): CodeIgniter\Database\MySQLi\Connection->execute('SELECT DISTINCT *
FROM `tbl_kamar`')
 3 SYSTEMPATH\Database\BaseConnection.php(606): CodeIgniter\Database\BaseConnection->simpleQuery('SELECT DISTINCT *
FROM `tbl_kamar`')
 4 SYSTEMPATH\Database\BaseBuilder.php(1616): CodeIgniter\Database\BaseConnection->query('SELECT DISTINCT *
FROM `tbl_kamar`', [], false)
 5 SYSTEMPATH\Model.php(203): CodeIgniter\Database\BaseBuilder->get()
 6 SYSTEMPATH\BaseModel.php(557): CodeIgniter\Model->doFind(false, null)
 7 APPPATH\Controllers\Home.php(10): CodeIgniter\BaseModel->find()
 8 SYSTEMPATH\CodeIgniter.php(932): App\Controllers\Home->index()
 9 SYSTEMPATH\CodeIgniter.php(497): CodeIgniter\CodeIgniter->runController(Object(App\Controllers\Home))
10 SYSTEMPATH\CodeIgniter.php(366): CodeIgniter\CodeIgniter->handleRequest(null, Object(Config\Cache), false)
11 FCPATH\index.php(67): CodeIgniter\CodeIgniter->run()
12 SYSTEMPATH\Commands\Server\rewrite.php(47): require_once('C:\\Users\\aryah\\Downloads\\CI\\AppReservasiHotel\\public\\index.php')
ERROR - 2023-08-24 10:52:44 --> Error connecting to the database: mysqli_sql_exception: No connection could be made because the target machine actively refused it in C:\Users\aryah\Downloads\CI\AppReservasiHotel\vendor\codeigniter4\framework\system\Database\MySQLi\Connection.php:173
Stack trace:
#0 C:\Users\aryah\Downloads\CI\AppReservasiHotel\vendor\codeigniter4\framework\system\Database\MySQLi\Connection.php(173): mysqli->real_connect('localhost', 'root', Object(SensitiveParameterValue), 'appReservasiHot...', 3306, '', 0)
#1 C:\Users\aryah\Downloads\CI\AppReservasiHotel\vendor\codeigniter4\framework\system\Database\BaseConnection.php(391): CodeIgniter\Database\MySQLi\Connection->connect(false)
#2 C:\Users\aryah\Downloads\CI\AppReservasiHotel\vendor\codeigniter4\framework\system\Database\BaseConnection.php(574): CodeIgniter\Database\BaseConnection->initialize()
#3 C:\Users\aryah\Downloads\CI\AppReservasiHotel\vendor\codeigniter4\framework\system\Database\BaseBuilder.php(1616): CodeIgniter\Database\BaseConnection->query('SELECT DISTINCT...', Array, false)
#4 C:\Users\aryah\Downloads\CI\AppReservasiHotel\vendor\codeigniter4\framework\system\Model.php(203): CodeIgniter\Database\BaseBuilder->get()
#5 C:\Users\aryah\Downloads\CI\AppReservasiHotel\vendor\codeigniter4\framework\system\BaseModel.php(557): CodeIgniter\Model->doFind(false, NULL)
#6 C:\Users\aryah\Downloads\CI\AppReservasiHotel\app\Controllers\Home.php(10): CodeIgniter\BaseModel->find()
#7 C:\Users\aryah\Downloads\CI\AppReservasiHotel\vendor\codeigniter4\framework\system\CodeIgniter.php(932): App\Controllers\Home->index()
#8 C:\Users\aryah\Downloads\CI\AppReservasiHotel\vendor\codeigniter4\framework\system\CodeIgniter.php(497): CodeIgniter\CodeIgniter->runController(Object(App\Controllers\Home))
#9 C:\Users\aryah\Downloads\CI\AppReservasiHotel\vendor\codeigniter4\framework\system\CodeIgniter.php(366): CodeIgniter\CodeIgniter->handleRequest(NULL, Object(Config\Cache), false)
#10 C:\Users\aryah\Downloads\CI\AppReservasiHotel\public\index.php(67): CodeIgniter\CodeIgniter->run()
#11 C:\Users\aryah\Downloads\CI\AppReservasiHotel\vendor\codeigniter4\framework\system\Commands\Server\rewrite.php(47): require_once('C:\\Users\\aryah\\...')
#12 {main}

Next CodeIgniter\Database\Exceptions\DatabaseException: No connection could be made because the target machine actively refused it in C:\Users\aryah\Downloads\CI\AppReservasiHotel\vendor\codeigniter4\framework\system\Database\MySQLi\Connection.php:218
Stack trace:
#0 C:\Users\aryah\Downloads\CI\AppReservasiHotel\vendor\codeigniter4\framework\system\Database\BaseConnection.php(391): CodeIgniter\Database\MySQLi\Connection->connect(false)
#1 C:\Users\aryah\Downloads\CI\AppReservasiHotel\vendor\codeigniter4\framework\system\Database\BaseConnection.php(574): CodeIgniter\Database\BaseConnection->initialize()
#2 C:\Users\aryah\Downloads\CI\AppReservasiHotel\vendor\codeigniter4\framework\system\Database\BaseBuilder.php(1616): CodeIgniter\Database\BaseConnection->query('SELECT DISTINCT...', Array, false)
#3 C:\Users\aryah\Downloads\CI\AppReservasiHotel\vendor\codeigniter4\framework\system\Model.php(203): CodeIgniter\Database\BaseBuilder->get()
#4 C:\Users\aryah\Downloads\CI\AppReservasiHotel\vendor\codeigniter4\framework\system\BaseModel.php(557): CodeIgniter\Model->doFind(false, NULL)
#5 C:\Users\aryah\Downloads\CI\AppReservasiHotel\app\Controllers\Home.php(10): CodeIgniter\BaseModel->find()
#6 C:\Users\aryah\Downloads\CI\AppReservasiHotel\vendor\codeigniter4\framework\system\CodeIgniter.php(932): App\Controllers\Home->index()
#7 C:\Users\aryah\Downloads\CI\AppReservasiHotel\vendor\codeigniter4\framework\system\CodeIgniter.php(497): CodeIgniter\CodeIgniter->runController(Object(App\Controllers\Home))
#8 C:\Users\aryah\Downloads\CI\AppReservasiHotel\vendor\codeigniter4\framework\system\CodeIgniter.php(366): CodeIgniter\CodeIgniter->handleRequest(NULL, Object(Config\Cache), false)
#9 C:\Users\aryah\Downloads\CI\AppReservasiHotel\public\index.php(67): CodeIgniter\CodeIgniter->run()
#10 C:\Users\aryah\Downloads\CI\AppReservasiHotel\vendor\codeigniter4\framework\system\Commands\Server\rewrite.php(47): require_once('C:\\Users\\aryah\\...')
#11 {main}
CRITICAL - 2023-08-24 10:52:44 --> Unable to connect to the database.
Main connection [MySQLi]: No connection could be made because the target machine actively refused it
in SYSTEMPATH\Database\BaseConnection.php on line 427.
 1 SYSTEMPATH\Database\BaseConnection.php(574): CodeIgniter\Database\BaseConnection->initialize()
 2 SYSTEMPATH\Database\BaseBuilder.php(1616): CodeIgniter\Database\BaseConnection->query('SELECT DISTINCT *
FROM `tbl_kamar`', [], false)
 3 SYSTEMPATH\Model.php(203): CodeIgniter\Database\BaseBuilder->get()
 4 SYSTEMPATH\BaseModel.php(557): CodeIgniter\Model->doFind(false, null)
 5 APPPATH\Controllers\Home.php(10): CodeIgniter\BaseModel->find()
 6 SYSTEMPATH\CodeIgniter.php(932): App\Controllers\Home->index()
 7 SYSTEMPATH\CodeIgniter.php(497): CodeIgniter\CodeIgniter->runController(Object(App\Controllers\Home))
 8 SYSTEMPATH\CodeIgniter.php(366): CodeIgniter\CodeIgniter->handleRequest(null, Object(Config\Cache), false)
 9 FCPATH\index.php(67): CodeIgniter\CodeIgniter->run()
10 SYSTEMPATH\Commands\Server\rewrite.php(47): require_once('C:\\Users\\aryah\\Downloads\\CI\\AppReservasiHotel\\public\\index.php')
